<?xml version="1.0" encoding="UTF-8"?>
<!-- Generated by org.testng.reporters.JUnitReportReporter -->
<testsuite hostname="LAPTOP-J4J745OD" failures="0" tests="3" name="ContactTest.CreateContactTest" time="0.003" errors="0" timestamp="2024-05-13T11:03:36 IST" skipped="0">
  <testcase classname="ContactTest.CreateContactTest" name="createContactWithOrgTest" time="0.001"/>
  <testcase classname="ContactTest.CreateContactTest" name="createContactTest" time="0.001"/>
  <testcase classname="ContactTest.CreateContactTest" name="createContactWithDateTest" time="0.001"/>
</testsuite> <!-- ContactTest.CreateContactTest -->
