<?xml version="1.0" encoding="UTF-8"?>
<!-- Generated by org.testng.reporters.JUnitReportReporter -->
<testsuite hostname="LAPTOP-J4J745OD" failures="0" tests="3" name="OrgTest.CreateOrgTest" time="0.011" errors="0" timestamp="2024-05-13T11:03:36 IST" skipped="0">
  <testcase classname="OrgTest.CreateOrgTest" name="createOrgWithIndTest" time="0.001"/>
  <testcase classname="OrgTest.CreateOrgTest" name="createOrgTest" time="0.009"/>
  <testcase classname="OrgTest.CreateOrgTest" name="createOrgWithPhoneTest" time="0.001"/>
</testsuite> <!-- OrgTest.CreateOrgTest -->
